2020-08-30 11:46:52.949  INFO 18844 --- [main] pt.joja.SpringBootLogTest                : Starting SpringBootLogTest on DESKTOP-H1EJ56H with PID 18844 (started by aband in E:\pangtou\JojaMarket)
2020-08-30 11:46:52.951 DEBUG 18844 --- [main] pt.joja.SpringBootLogTest                : Running with Spring Boot v2.2.5.RELEASE, Spring v5.2.4.RELEASE
2020-08-30 11:46:52.951  INFO 18844 --- [main] pt.joja.SpringBootLogTest                : The following profiles are active: prod
2020-08-30 11:46:54.573  INFO 18844 --- [main] o.s.s.concurrent.ThreadPoolTaskExecutor  : Initializing ExecutorService 'applicationTaskExecutor'
2020-08-30 11:46:54.927  INFO 18844 --- [main] pt.joja.SpringBootLogTest                : Started SpringBootLogTest in 2.493 seconds (JVM running for 3.769)
2020-08-30 11:46:54.943 TRACE 18844 --- [main] pt.joja.SpringBootLogTest                : 这是trace日志...
2020-08-30 11:46:54.944 DEBUG 18844 --- [main] pt.joja.SpringBootLogTest                : 这是debug日志...
2020-08-30 11:46:54.944  INFO 18844 --- [main] pt.joja.SpringBootLogTest                : 这是info日志...
2020-08-30 11:46:54.945  WARN 18844 --- [main] pt.joja.SpringBootLogTest                : 这是warn日志...
2020-08-30 11:46:54.945 ERROR 18844 --- [main] pt.joja.SpringBootLogTest                : 这是error日志...
2020-08-30 11:46:54.950  INFO 18844 --- [SpringContextShutdownHook] o.s.s.concurrent.ThreadPoolTaskExecutor  : Shutting down ExecutorService 'applicationTaskExecutor'
2020-08-30 11:50:06.078  INFO 14780 --- [main] pt.joja.SpringBootLogTest                : Starting SpringBootLogTest on DESKTOP-H1EJ56H with PID 14780 (started by aband in E:\pangtou\JojaMarket)
2020-08-30 11:50:06.080 DEBUG 14780 --- [main] pt.joja.SpringBootLogTest                : Running with Spring Boot v2.2.5.RELEASE, Spring v5.2.4.RELEASE
2020-08-30 11:50:06.080  INFO 14780 --- [main] pt.joja.SpringBootLogTest                : The following profiles are active: prod
2020-08-30 11:50:07.580  INFO 14780 --- [main] o.s.s.concurrent.ThreadPoolTaskExecutor  : Initializing ExecutorService 'applicationTaskExecutor'
2020-08-30 11:50:07.873  INFO 14780 --- [main] pt.joja.SpringBootLogTest                : Started SpringBootLogTest in 2.355 seconds (JVM running for 3.334)
2020-08-30 11:50:07.892 TRACE 14780 --- [main] pt.joja.SpringBootLogTest                : 这是trace日志...
2020-08-30 11:50:07.892 DEBUG 14780 --- [main] pt.joja.SpringBootLogTest                : 这是debug日志...
2020-08-30 11:50:07.892  INFO 14780 --- [main] pt.joja.SpringBootLogTest                : 这是info日志...
2020-08-30 11:50:07.893  WARN 14780 --- [main] pt.joja.SpringBootLogTest                : 这是warn日志...
2020-08-30 11:50:07.893 ERROR 14780 --- [main] pt.joja.SpringBootLogTest                : 这是error日志...
2020-08-30 11:50:07.899  INFO 14780 --- [SpringContextShutdownHook] o.s.s.concurrent.ThreadPoolTaskExecutor  : Shutting down ExecutorService 'applicationTaskExecutor'
2020-08-30 11:50:52.737  INFO 1784 --- [main] pt.joja.SpringBootLogTest                : Starting SpringBootLogTest on DESKTOP-H1EJ56H with PID 1784 (started by aband in E:\pangtou\JojaMarket)
2020-08-30 11:50:52.739 DEBUG 1784 --- [main] pt.joja.SpringBootLogTest                : Running with Spring Boot v2.2.5.RELEASE, Spring v5.2.4.RELEASE
2020-08-30 11:50:52.739  INFO 1784 --- [main] pt.joja.SpringBootLogTest                : The following profiles are active: prod
2020-08-30 11:50:54.483  INFO 1784 --- [main] o.s.s.concurrent.ThreadPoolTaskExecutor  : Initializing ExecutorService 'applicationTaskExecutor'
2020-08-30 11:50:54.790  INFO 1784 --- [main] pt.joja.SpringBootLogTest                : Started SpringBootLogTest in 2.538 seconds (JVM running for 3.621)
2020-08-30 11:50:54.811 TRACE 1784 --- [main] pt.joja.SpringBootLogTest                : 这是trace日志...
2020-08-30 11:50:54.812 DEBUG 1784 --- [main] pt.joja.SpringBootLogTest                : 这是debug日志...
2020-08-30 11:50:54.812  INFO 1784 --- [main] pt.joja.SpringBootLogTest                : 这是info日志...
2020-08-30 11:50:54.813  WARN 1784 --- [main] pt.joja.SpringBootLogTest                : 这是warn日志...
2020-08-30 11:50:54.813 ERROR 1784 --- [main] pt.joja.SpringBootLogTest                : 这是error日志...
2020-08-30 11:50:54.819  INFO 1784 --- [SpringContextShutdownHook] o.s.s.concurrent.ThreadPoolTaskExecutor  : Shutting down ExecutorService 'applicationTaskExecutor'
2020-08-30 11:56:22.670  INFO 8624 --- [main] pt.joja.SpringBootLogTest                : Starting SpringBootLogTest on DESKTOP-H1EJ56H with PID 8624 (started by aband in E:\pangtou\JojaMarket)
2020-08-30 11:56:22.681 DEBUG 8624 --- [main] pt.joja.SpringBootLogTest                : Running with Spring Boot v2.2.5.RELEASE, Spring v5.2.4.RELEASE
2020-08-30 11:56:22.681  INFO 8624 --- [main] pt.joja.SpringBootLogTest                : The following profiles are active: prod
2020-08-30 11:56:24.214  INFO 8624 --- [main] o.s.s.concurrent.ThreadPoolTaskExecutor  : Initializing ExecutorService 'applicationTaskExecutor'
2020-08-30 11:56:24.484  INFO 8624 --- [main] pt.joja.SpringBootLogTest                : Started SpringBootLogTest in 2.349 seconds (JVM running for 3.337)
2020-08-30 11:56:24.509 TRACE 8624 --- [main] pt.joja.SpringBootLogTest                : 这是trace日志...
2020-08-30 11:56:24.510 DEBUG 8624 --- [main] pt.joja.SpringBootLogTest                : 这是debug日志...
2020-08-30 11:56:24.511  INFO 8624 --- [main] pt.joja.SpringBootLogTest                : 这是info日志...
2020-08-30 11:56:24.512  WARN 8624 --- [main] pt.joja.SpringBootLogTest                : 这是warn日志...
2020-08-30 11:56:24.512 ERROR 8624 --- [main] pt.joja.SpringBootLogTest                : 这是error日志...
2020-08-30 11:56:24.524  INFO 8624 --- [SpringContextShutdownHook] o.s.s.concurrent.ThreadPoolTaskExecutor  : Shutting down ExecutorService 'applicationTaskExecutor'
2020-08-30 12:22:02.360  INFO 13652 --- [main] p.j.SpringBootLogTest                    : Starting SpringBootLogTest on DESKTOP-H1EJ56H with PID 13652 (started by aband in E:\pangtou\JojaMarket)
2020-08-30 12:22:02.368 DEBUG 13652 --- [main] p.j.SpringBootLogTest                    : Running with Spring Boot v2.2.5.RELEASE, Spring v5.2.4.RELEASE
2020-08-30 12:22:02.369  INFO 13652 --- [main] p.j.SpringBootLogTest                    : The following profiles are active: prod
2020-08-30 12:22:03.427  INFO 13652 --- [main] o.s.s.c.ThreadPoolTaskExecutor           : Initializing ExecutorService 'applicationTaskExecutor'
2020-08-30 12:22:03.647  INFO 13652 --- [main] p.j.SpringBootLogTest                    : Started SpringBootLogTest in 1.823 seconds (JVM running for 3.716)
2020-08-30 12:22:03.664 TRACE 13652 --- [main] p.j.SpringBootLogTest                    : 这是trace日志...
2020-08-30 12:22:03.665 DEBUG 13652 --- [main] p.j.SpringBootLogTest                    : 这是debug日志...
2020-08-30 12:22:03.666  INFO 13652 --- [main] p.j.SpringBootLogTest                    : 这是info日志...
2020-08-30 12:22:03.666  WARN 13652 --- [main] p.j.SpringBootLogTest                    : 这是warn日志...
2020-08-30 12:22:03.666 ERROR 13652 --- [main] p.j.SpringBootLogTest                    : 这是error日志...
2020-08-30 12:22:03.673  INFO 13652 --- [SpringContextShutdownHook] o.s.s.c.ThreadPoolTaskExecutor           : Shutting down ExecutorService 'applicationTaskExecutor'
2020-08-30 12:27:28.346  INFO 5684 --- [main] p.j.SpringBootLogTest                    : Starting SpringBootLogTest on DESKTOP-H1EJ56H with PID 5684 (started by aband in E:\pangtou\JojaMarket)
2020-08-30 12:27:28.355 DEBUG 5684 --- [main] p.j.SpringBootLogTest                    : Running with Spring Boot v2.2.5.RELEASE, Spring v5.2.4.RELEASE
2020-08-30 12:27:28.356  INFO 5684 --- [main] p.j.SpringBootLogTest                    : The following profiles are active: prod
2020-08-30 12:27:29.537  INFO 5684 --- [main] o.s.s.c.ThreadPoolTaskExecutor           : Initializing ExecutorService 'applicationTaskExecutor'
2020-08-30 12:27:29.828  INFO 5684 --- [main] p.j.SpringBootLogTest                    : Started SpringBootLogTest in 1.983 seconds (JVM running for 3.642)
2020-08-30 12:27:29.866 TRACE 5684 --- [main] p.j.SpringBootLogTest                    : 这是trace日志...
2020-08-30 12:27:29.866 DEBUG 5684 --- [main] p.j.SpringBootLogTest                    : 这是debug日志...
2020-08-30 12:27:29.867  INFO 5684 --- [main] p.j.SpringBootLogTest                    : 这是info日志...
2020-08-30 12:27:29.868  WARN 5684 --- [main] p.j.SpringBootLogTest                    : 这是warn日志...
2020-08-30 12:27:29.868 ERROR 5684 --- [main] p.j.SpringBootLogTest                    : 这是error日志...
2020-08-30 12:27:29.900  INFO 5684 --- [SpringContextShutdownHook] o.s.s.c.ThreadPoolTaskExecutor           : Shutting down ExecutorService 'applicationTaskExecutor'
2020-08-30 12:29:24.872  INFO 3048 --- [main] pt.joja.SpringBootLogTest                : Starting SpringBootLogTest on DESKTOP-H1EJ56H with PID 3048 (started by aband in E:\pangtou\JojaMarket)
2020-08-30 12:29:24.873 DEBUG 3048 --- [main] pt.joja.SpringBootLogTest                : Running with Spring Boot v2.2.5.RELEASE, Spring v5.2.4.RELEASE
2020-08-30 12:29:24.874  INFO 3048 --- [main] pt.joja.SpringBootLogTest                : The following profiles are active: prod
2020-08-30 12:29:26.309  INFO 3048 --- [main] o.s.s.concurrent.ThreadPoolTaskExecutor  : Initializing ExecutorService 'applicationTaskExecutor'
2020-08-30 12:29:26.508  INFO 3048 --- [main] pt.joja.SpringBootLogTest                : Started SpringBootLogTest in 2.24 seconds (JVM running for 3.231)
2020-08-30 12:29:26.529 TRACE 3048 --- [main] pt.joja.SpringBootLogTest                : 这是trace日志...
2020-08-30 12:29:26.530 DEBUG 3048 --- [main] pt.joja.SpringBootLogTest                : 这是debug日志...
2020-08-30 12:29:26.530  INFO 3048 --- [main] pt.joja.SpringBootLogTest                : 这是info日志...
2020-08-30 12:29:26.530  WARN 3048 --- [main] pt.joja.SpringBootLogTest                : 这是warn日志...
2020-08-30 12:29:26.530 ERROR 3048 --- [main] pt.joja.SpringBootLogTest                : 这是error日志...
2020-08-30 12:29:26.537  INFO 3048 --- [SpringContextShutdownHook] o.s.s.concurrent.ThreadPoolTaskExecutor  : Shutting down ExecutorService 'applicationTaskExecutor'
